<?xml version="1.0" encoding="UTF-8"?>
<!-- Generated by org.testng.reporters.JUnitXMLReporter -->
<testsuite ignored="0" hostname="Raj" failures="0" tests="3" name="chromeTest" time="0.505" errors="0" timestamp="2024-09-25T15:59:59 IST">
  <testcase classname="crossbrowsing.crossBrowsing" name="@BeforeClass setup" time="-1.727260198947E9">
    <failure type="org.testng.TestNGException" message="
Parameter &amp;apos;browser&amp;apos; is required by BeforeClass on method setup but has not been marked @Optional or defined
in D:\selenium workspace\seleniumBasic\src\test\java\crossbrowsing\testng.xml">
      <![CDATA[org.testng.TestNGException: 
Parameter 'browser' is required by BeforeClass on method setup but has not been marked @Optional or defined
in D:\selenium workspace\seleniumBasic\src\test\java\crossbrowsing\testng.xml
at java.base/java.util.ArrayList.forEach(ArrayList.java:1597)
at java.base/java.util.concurrent.FutureTask.run(FutureTask.java:317)
at java.base/java.util.concurrent.ThreadPoolExecutor.runWorker(ThreadPoolExecutor.java:1144)
at java.base/java.util.concurrent.ThreadPoolExecutor$Worker.run(ThreadPoolExecutor.java:642)
at java.base/java.lang.Thread.run(Thread.java:1570)
... Removed 13 stack frames]]>
    </failure>
  </testcase> <!-- @BeforeClass setup -->
  <testcase classname="crossbrowsing.crossBrowsing" name="@AfterClass tearDown" time="-1.727260199291E9">
    <skipped/>
  </testcase> <!-- @AfterClass tearDown -->
  <testcase classname="crossbrowsing.crossBrowsing" name="testLogo" time="0.0">
    <skipped/>
  </testcase> <!-- testLogo -->
  <testcase classname="crossbrowsing.crossBrowsing" name="testTitle" time="0.0">
    <skipped/>
  </testcase> <!-- testTitle -->
  <testcase classname="crossbrowsing.crossBrowsing" name="verifyUrl" time="0.0">
    <skipped/>
  </testcase> <!-- verifyUrl -->
</testsuite> <!-- chromeTest -->
