<?xml version="1.0" encoding="UTF-8"?>
<!-- Generated by org.testng.reporters.JUnitReportReporter -->
<testsuite hostname="Raj" failures="0" tests="10" name="crossbrowsing.crossBrowsing" time="-1727260288.000" errors="1" timestamp="2024-09-25T16:00:37 IST" skipped="3">
  <testcase classname="crossbrowsing.crossBrowsing" name="setup" time="-1727260288.000">
    <error message="
Parameter &#039;browser&#039; is required by BeforeClass on method setup but has not been marked @Optional or defined
in D:\selenium workspace\seleniumBasic\src\test\java\crossbrowsing\testng.xml" type="org.testng.TestNGException">
      <![CDATA[org.testng.TestNGException: 
Parameter 'browser' is required by BeforeClass on method setup but has not been marked @Optional or defined
in D:\selenium workspace\seleniumBasic\src\test\java\crossbrowsing\testng.xml
at org.testng.internal.Parameters.createParams(Parameters.java:270)
at org.testng.internal.Parameters.createParametersForMethod(Parameters.java:358)
at org.testng.internal.Parameters.createParameters(Parameters.java:700)
at org.testng.internal.Parameters.createConfigurationParameters(Parameters.java:168)
at org.testng.internal.ConfigInvoker.invokeConfigurations(ConfigInvoker.java:302)
at org.testng.internal.TestMethodWorker.invokeBeforeClassMethods(TestMethodWorker.java:176)
at org.testng.internal.TestMethodWorker.run(TestMethodWorker.java:122)
at java.base/java.util.ArrayList.forEach(ArrayList.java:1597)
at org.testng.TestRunner.privateRun(TestRunner.java:794)
at org.testng.TestRunner.run(TestRunner.java:596)
at org.testng.SuiteRunner.runTest(SuiteRunner.java:377)
at org.testng.SuiteRunner.access$000(SuiteRunner.java:28)
at org.testng.SuiteRunner$SuiteWorker.run(SuiteRunner.java:418)
at org.testng.internal.thread.ThreadUtil.lambda$execute$0(ThreadUtil.java:64)
at java.base/java.util.concurrent.FutureTask.run(FutureTask.java:317)
at java.base/java.util.concurrent.ThreadPoolExecutor.runWorker(ThreadPoolExecutor.java:1144)
at java.base/java.util.concurrent.ThreadPoolExecutor$Worker.run(ThreadPoolExecutor.java:642)
at java.base/java.lang.Thread.run(Thread.java:1570)
]]>
    </error>
  </testcase> <!-- setup -->
  <system-out/>
  <testcase classname="crossbrowsing.crossBrowsing" name="testLogo" time="0.051"/>
  <system-out/>
  <testcase classname="crossbrowsing.crossBrowsing" name="testLogo" time="0.369"/>
  <system-out/>
  <testcase classname="crossbrowsing.crossBrowsing" name="testLogo" time="0.000">
    <skipped/>
  </testcase> <!-- testLogo -->
  <system-out/>
  <testcase classname="crossbrowsing.crossBrowsing" name="testTitle" time="0.009"/>
  <system-out/>
  <testcase classname="crossbrowsing.crossBrowsing" name="testTitle" time="0.000">
    <skipped/>
  </testcase> <!-- testTitle -->
  <system-out/>
  <testcase classname="crossbrowsing.crossBrowsing" name="testTitle" time="0.023"/>
  <system-out/>
  <testcase classname="crossbrowsing.crossBrowsing" name="verifyUrl" time="0.000">
    <skipped/>
  </testcase> <!-- verifyUrl -->
  <system-out/>
  <testcase classname="crossbrowsing.crossBrowsing" name="verifyUrl" time="0.002"/>
  <system-out/>
  <testcase classname="crossbrowsing.crossBrowsing" name="verifyUrl" time="0.003"/>
  <system-out/>
</testsuite> <!-- crossbrowsing.crossBrowsing -->
